2020-12-14 13:12:730 INFO  ServiceHooks:46 - Tester testing on imarticus home page - page speed testing in Google page insight is pass
2020-12-14 13:12:60 INFO  ServiceHooks:46 - : Tester testing on imarticus Career pages - page speed testing in Google page insight is pass
2020-12-14 13:12:698 INFO  ServiceHooks:46 - : Tester testing on imarticus Career pages - page speed testing in Google page insight is pass
2020-12-14 13:12:953 INFO  ServiceHooks:46 - : Tester testing on imarticus Career pages - page speed testing in Google page insight is pass
2020-12-14 13:12:274 INFO  ServiceHooks:46 - : Tester testing on imarticus Career pages - page speed testing in Google page insight is pass
2020-12-14 13:12:793 INFO  ServiceHooks:46 - : Tester testing on imarticus Career pages - page speed testing in Google page insight is pass
2020-12-14 13:12:861 INFO  ServiceHooks:46 - : Tester testing on imarticus Career pages - page speed testing in Google page insight is pass
2020-12-14 13:12:286 INFO  ServiceHooks:46 - : Tester testing on imarticus Career pages - page speed testing in Google page insight is pass
2020-12-14 13:12:502 INFO  ServiceHooks:46 - : Tester testing on imarticus Career pages - page speed testing in Google page insight is pass
2020-12-14 13:12:721 INFO  ServiceHooks:46 - : Tester testing on imarticus Career pages - page speed testing in Google page insight is pass
2020-12-14 13:12:127 INFO  ServiceHooks:46 - : Tester testing on imarticus Program pages - page speed testing in Google page insight is pass
2020-12-14 13:12:532 INFO  ServiceHooks:46 - : Tester testing on imarticus Program pages - page speed testing in Google page insight is pass
2020-12-14 13:12:141 INFO  ServiceHooks:46 - : Tester testing on imarticus Program pages - page speed testing in Google page insight is pass
2020-12-14 13:12:282 INFO  ServiceHooks:46 - : Tester testing on imarticus Program pages - page speed testing in Google page insight is pass
2020-12-14 13:12:173 INFO  ServiceHooks:46 - : Tester testing on imarticus Program pages - page speed testing in Google page insight is pass
2020-12-14 13:12:801 INFO  ServiceHooks:46 - : Tester testing on imarticus Program pages - page speed testing in Google page insight is pass
2020-12-14 13:12:379 INFO  ServiceHooks:46 - : Tester testing on imarticus Program pages - page speed testing in Google page insight is pass
2020-12-14 13:12:211 INFO  ServiceHooks:46 - : Tester testing on imarticus Program pages - page speed testing in Google page insight is pass
2020-12-14 13:12:835 INFO  ServiceHooks:46 - : Tester testing on imarticus Program pages - page speed testing in Google page insight is pass
2020-12-14 13:12:922 INFO  ServiceHooks:46 - : Tester testing on imarticus Program pages - page speed testing in Google page insight is pass
2020-12-14 13:12:884 INFO  ServiceHooks:46 - : Tester testing on imarticus Program pages - page speed testing in Google page insight is pass
2020-12-14 13:12:536 INFO  ServiceHooks:46 - : Tester testing on imarticus Program pages - page speed testing in Google page insight is pass
2020-12-14 13:12:583 INFO  ServiceHooks:46 - : Tester testing on imarticus Program pages - page speed testing in Google page insight is pass
2020-12-14 13:12:726 INFO  ServiceHooks:46 - : Tester testing on imarticus Program pages - page speed testing in Google page insight is pass
2020-12-14 13:12:309 INFO  ServiceHooks:37 - Tester testing on imarticus home page - page speed testing in GTmetrix tool is Failed
2020-12-14 13:12:109 INFO  ServiceHooks:46 - Tester testing on imarticus home page - page speed testing in GTmetrix tool is pass
2020-12-14 13:12:430 INFO  ServiceHooks:46 - Tester testing on imarticus home page - page speed testing in GTmetrix tool is pass
2020-12-14 13:12:931 INFO  ServiceHooks:46 - Tester testing on imarticus home page - page speed testing in GTmetrix tool is pass
2020-12-14 13:12:425 INFO  ServiceHooks:46 - Tester testing on imarticus home page - page speed testing in GTmetrix tool is pass
2020-12-14 13:12:321 INFO  ServiceHooks:46 - Tester testing on imarticus home page - page speed testing in GTmetrix tool is pass
2020-12-14 13:12:314 INFO  ServiceHooks:46 - Tester testing on imarticus home page - page speed testing in GTmetrix tool is pass
2020-12-14 13:12:997 INFO  ServiceHooks:46 - Tester testing on imarticus home page - page speed testing in GTmetrix tool is pass
2020-12-14 13:12:302 INFO  ServiceHooks:46 - Tester testing on imarticus home page - page speed testing in GTmetrix tool is pass
2020-12-14 13:12:382 INFO  ServiceHooks:37 - Tester testing on imarticus home page - page speed testing in GTmetrix tool is Failed
2020-12-14 13:12:892 INFO  ServiceHooks:37 - Tester testing on imarticus home page - page speed testing in GTmetrix tool is Failed
2020-12-14 13:12:165 INFO  ServiceHooks:37 - Tester testing on imarticus home page - page speed testing in GTmetrix tool is Failed
2020-12-14 13:12:761 INFO  ServiceHooks:37 - Tester testing on imarticus home page - page speed testing in GTmetrix tool is Failed
